<?xml version="1.0" encoding="UTF-8"?>
<!-- Generated by org.testng.reporters.JUnitReportReporter -->
<testsuite skipped="1" hostname="LTIN186256" name="com.testcases.framework.RBIContent" tests="1" failures="0" timestamp="16 Feb 2023 13:55:18 GMT" time="0.000" errors="0">
  <testcase name="createRBIContent" time="0.000" classname="com.testcases.framework.RBIContent">
    <skipped/>
  </testcase> <!-- createRBIContent -->
</testsuite> <!-- com.testcases.framework.RBIContent -->
