<?xml version="1.0" encoding="UTF-8"?>
<!-- Generated by org.testng.reporters.JUnitReportReporter -->
<testsuite skipped="0" hostname="LTIN186256" name="com.testcases.framework.R" tests="1" failures="0" timestamp="20 Apr 2023 14:38:46 GMT" time="553.537" errors="0">
  <testcase name="appLogin" time="553.537" classname="com.testcases.framework.R"/>
</testsuite> <!-- com.testcases.framework.R -->
