<?xml version="1.0" encoding="UTF-8"?>
<!-- Generated by org.testng.reporters.JUnitReportReporter -->
<testsuite skipped="0" hostname="LTIN186256" name="com.testcases.framework.RegressionTest28feb" tests="29" failures="0" timestamp="14 Mar 2023 06:20:12 GMT" time="587.046" errors="0">
  <testcase name="sikuliTestCase001" time="9.388" classname="com.testcases.framework.RegressionTest28feb"/>
  <testcase name="siKuliTestCase002" time="7.860" classname="com.testcases.framework.RegressionTest28feb"/>
  <testcase name="siKuliTestCase003" time="7.943" classname="com.testcases.framework.RegressionTest28feb"/>
  <testcase name="siKuliTestCase04" time="9.400" classname="com.testcases.framework.RegressionTest28feb"/>
  <testcase name="siKuliTestCase05" time="44.897" classname="com.testcases.framework.RegressionTest28feb"/>
  <testcase name="sikuliTestCase06" time="9.730" classname="com.testcases.framework.RegressionTest28feb"/>
  <testcase name="sikuliTestCase07" time="10.277" classname="com.testcases.framework.RegressionTest28feb"/>
  <testcase name="sikuliTestCase08" time="13.853" classname="com.testcases.framework.RegressionTest28feb"/>
  <testcase name="sikuliTestCase09" time="11.941" classname="com.testcases.framework.RegressionTest28feb"/>
  <testcase name="sikuliTestCase010" time="11.218" classname="com.testcases.framework.RegressionTest28feb"/>
  <testcase name="sikuliTestCase011" time="17.873" classname="com.testcases.framework.RegressionTest28feb"/>
  <testcase name="sikuliTestCase012" time="15.261" classname="com.testcases.framework.RegressionTest28feb"/>
  <testcase name="sikuliTestCase013" time="12.189" classname="com.testcases.framework.RegressionTest28feb"/>
  <testcase name="siKuliTestCase014" time="13.604" classname="com.testcases.framework.RegressionTest28feb"/>
  <testcase name="siKuliTestCase015" time="11.092" classname="com.testcases.framework.RegressionTest28feb"/>
  <testcase name="siKuliTestCase016" time="53.182" classname="com.testcases.framework.RegressionTest28feb"/>
  <testcase name="siKuliTestCase017" time="14.797" classname="com.testcases.framework.RegressionTest28feb"/>
  <testcase name="siKuliTestCase018" time="23.688" classname="com.testcases.framework.RegressionTest28feb"/>
  <testcase name="siKuliTestCase019" time="14.936" classname="com.testcases.framework.RegressionTest28feb"/>
  <testcase name="siKuliTestCase020" time="13.120" classname="com.testcases.framework.RegressionTest28feb"/>
  <testcase name="siKuliTestCase021" time="18.372" classname="com.testcases.framework.RegressionTest28feb"/>
  <testcase name="siKuliTestCase022" time="17.384" classname="com.testcases.framework.RegressionTest28feb"/>
  <testcase name="siKuliTestCase023" time="105.349" classname="com.testcases.framework.RegressionTest28feb"/>
  <testcase name="siKuliTestCase024" time="13.183" classname="com.testcases.framework.RegressionTest28feb"/>
  <testcase name="siKuliTestCase025" time="56.253" classname="com.testcases.framework.RegressionTest28feb"/>
  <testcase name="siKuliTestCase026" time="15.012" classname="com.testcases.framework.RegressionTest28feb"/>
  <testcase name="siKuliTestCase027" time="12.667" classname="com.testcases.framework.RegressionTest28feb"/>
  <testcase name="siKuliTestCase028" time="12.797" classname="com.testcases.framework.RegressionTest28feb"/>
  <testcase name="siKuliTestCase029" time="9.780" classname="com.testcases.framework.RegressionTest28feb"/>
</testsuite> <!-- com.testcases.framework.RegressionTest28feb -->
