<?xml version="1.0" encoding="UTF-8"?>
<!-- Generated by org.testng.reporters.JUnitReportReporter -->
<testsuite skipped="1" hostname="LTIN186256" name="com.testcases.framework.RBITestCase001" tests="1" failures="0" timestamp="16 Feb 2023 13:55:18 GMT" time="0.000" errors="0">
  <testcase name="validateRBIItem" time="0.000" classname="com.testcases.framework.RBITestCase001">
    <skipped/>
  </testcase> <!-- validateRBIItem -->
</testsuite> <!-- com.testcases.framework.RBITestCase001 -->
