<?xml version="1.0" encoding="UTF-8"?>
<!-- Generated by org.testng.reporters.JUnitReportReporter -->
<testsuite skipped="25" hostname="LTIN186256" name="com.testcases.framework.NewTest" tests="26" failures="0" timestamp="15 Dec 2022 05:29:52 GMT" time="316.256" errors="1">
  <testcase name="appLogin" time="316.256" classname="com.testcases.framework.NewTest">
    <error type="org.sikuli.script.FindFailed" message="C:/Images For Sikuli/QSTT2Login.png: (301x30) in R[0,0 1920x1080]@S(0)">
      <![CDATA[FindFailed: C:/Images For Sikuli/QSTT2Login.png: (301x30) in R[0,0 1920x1080]@S(0)
  Line 2226, in file Region.java

at org.sikuli.script.Region.wait(Region.java:2226)
at com.testcases.framework.NewTest.appLogin(NewTest.java:206)
at sun.reflect.NativeMethodAccessorImpl.invoke0(Native Method)
at sun.reflect.NativeMethodAccessorImpl.invoke(Unknown Source)
at sun.reflect.DelegatingMethodAccessorImpl.invoke(Unknown Source)
at java.lang.reflect.Method.invoke(Unknown Source)
at org.testng.internal.MethodInvocationHelper.invokeMethod(MethodInvocationHelper.java:124)
at org.testng.internal.MethodInvocationHelper.invokeMethodConsideringTimeout(MethodInvocationHelper.java:59)
at org.testng.internal.Invoker.invokeConfigurationMethod(Invoker.java:458)
at org.testng.internal.Invoker.invokeConfigurations(Invoker.java:222)
at org.testng.internal.Invoker.invokeConfigurations(Invoker.java:142)
at org.testng.SuiteRunner.privateRun(SuiteRunner.java:401)
at org.testng.SuiteRunner.run(SuiteRunner.java:364)
at org.testng.SuiteRunnerWorker.runSuite(SuiteRunnerWorker.java:52)
at org.testng.SuiteRunnerWorker.run(SuiteRunnerWorker.java:84)
at org.testng.TestNG.runSuitesSequentially(TestNG.java:1208)
at org.testng.TestNG.runSuitesLocally(TestNG.java:1137)
at org.testng.TestNG.runSuites(TestNG.java:1049)
at org.testng.TestNG.run(TestNG.java:1017)
at org.testng.remote.AbstractRemoteTestNG.run(AbstractRemoteTestNG.java:114)
at org.testng.remote.RemoteTestNG.initAndRun(RemoteTestNG.java:251)
at org.testng.remote.RemoteTestNG.main(RemoteTestNG.java:77)
]]>
    </error>
  </testcase> <!-- appLogin -->
  <testcase name="siKuliTestCase001" time="0.000" classname="com.testcases.framework.NewTest">
    <skipped/>
  </testcase> <!-- siKuliTestCase001 -->
  <testcase name="sikuliTesetCase002" time="0.000" classname="com.testcases.framework.NewTest">
    <skipped/>
  </testcase> <!-- sikuliTesetCase002 -->
  <testcase name="sikuliTesetCase003" time="0.000" classname="com.testcases.framework.NewTest">
    <skipped/>
  </testcase> <!-- sikuliTesetCase003 -->
  <testcase name="sikuliTesetCase004" time="0.000" classname="com.testcases.framework.NewTest">
    <skipped/>
  </testcase> <!-- sikuliTesetCase004 -->
  <testcase name="sikuliTestCase005" time="0.000" classname="com.testcases.framework.NewTest">
    <skipped/>
  </testcase> <!-- sikuliTestCase005 -->
  <testcase name="sikuliTestCase006" time="0.000" classname="com.testcases.framework.NewTest">
    <skipped/>
  </testcase> <!-- sikuliTestCase006 -->
  <testcase name="sikuliTestCase007" time="0.000" classname="com.testcases.framework.NewTest">
    <skipped/>
  </testcase> <!-- sikuliTestCase007 -->
  <testcase name="sikuliTestCase008" time="0.000" classname="com.testcases.framework.NewTest">
    <skipped/>
  </testcase> <!-- sikuliTestCase008 -->
  <testcase name="sikuliTestCase009" time="0.000" classname="com.testcases.framework.NewTest">
    <skipped/>
  </testcase> <!-- sikuliTestCase009 -->
  <testcase name="sikuliTestCase0010" time="0.000" classname="com.testcases.framework.NewTest">
    <skipped/>
  </testcase> <!-- sikuliTestCase0010 -->
  <testcase name="sikuliTestCase0011" time="0.000" classname="com.testcases.framework.NewTest">
    <skipped/>
  </testcase> <!-- sikuliTestCase0011 -->
  <testcase name="sikuliTestCase0012" time="0.000" classname="com.testcases.framework.NewTest">
    <skipped/>
  </testcase> <!-- sikuliTestCase0012 -->
  <testcase name="sikuliTestCase0013" time="0.000" classname="com.testcases.framework.NewTest">
    <skipped/>
  </testcase> <!-- sikuliTestCase0013 -->
  <testcase name="sikuliTestCase0014" time="0.000" classname="com.testcases.framework.NewTest">
    <skipped/>
  </testcase> <!-- sikuliTestCase0014 -->
  <testcase name="sikuliTestCase0015" time="0.000" classname="com.testcases.framework.NewTest">
    <skipped/>
  </testcase> <!-- sikuliTestCase0015 -->
  <testcase name="sikuliTestCase0016" time="0.000" classname="com.testcases.framework.NewTest">
    <skipped/>
  </testcase> <!-- sikuliTestCase0016 -->
  <testcase name="sikuliTestCase0017" time="0.000" classname="com.testcases.framework.NewTest">
    <skipped/>
  </testcase> <!-- sikuliTestCase0017 -->
  <testcase name="sikuliTestcase0018" time="0.000" classname="com.testcases.framework.NewTest">
    <skipped/>
  </testcase> <!-- sikuliTestcase0018 -->
  <testcase name="sikuliTestCase0019" time="0.000" classname="com.testcases.framework.NewTest">
    <skipped/>
  </testcase> <!-- sikuliTestCase0019 -->
  <testcase name="sikuliTestCase0020" time="0.000" classname="com.testcases.framework.NewTest">
    <skipped/>
  </testcase> <!-- sikuliTestCase0020 -->
  <testcase name="sikuliTestCase0021" time="0.000" classname="com.testcases.framework.NewTest">
    <skipped/>
  </testcase> <!-- sikuliTestCase0021 -->
  <testcase name="sikuliTestCase0022" time="0.000" classname="com.testcases.framework.NewTest">
    <skipped/>
  </testcase> <!-- sikuliTestCase0022 -->
  <testcase name="sikuliTestCase0023" time="0.000" classname="com.testcases.framework.NewTest">
    <skipped/>
  </testcase> <!-- sikuliTestCase0023 -->
  <testcase name="sikuliTestCase0024" time="0.000" classname="com.testcases.framework.NewTest">
    <skipped/>
  </testcase> <!-- sikuliTestCase0024 -->
  <testcase name="sikuliTestCase0025" time="0.000" classname="com.testcases.framework.NewTest">
    <skipped/>
  </testcase> <!-- sikuliTestCase0025 -->
</testsuite> <!-- com.testcases.framework.NewTest -->
