<?xml version="1.0" encoding="UTF-8"?>
<!-- Generated by org.testng.reporters.JUnitReportReporter -->
<testsuite skipped="1" hostname="LTIN186256" name="com.testcases.framework.RBI_Content_PLU_Modification" tests="1" failures="0" timestamp="16 Feb 2023 13:55:18 GMT" time="0.000" errors="0">
  <testcase name="modifyRBIPLU" time="0.000" classname="com.testcases.framework.RBI_Content_PLU_Modification">
    <skipped/>
  </testcase> <!-- modifyRBIPLU -->
</testsuite> <!-- com.testcases.framework.RBI_Content_PLU_Modification -->
