<?xml version="1.0" encoding="UTF-8"?>
<!-- Generated by org.testng.reporters.JUnitReportReporter -->
<testsuite skipped="24" hostname="LTIN186256" name="com.testcases.framework.RegressionTestCase" tests="25" failures="0" timestamp="08 Feb 2023 05:02:34 GMT" time="421.027" errors="1">
  <testcase name="appLogin" time="421.027" classname="com.testcases.framework.RegressionTestCase">
    <error type="org.sikuli.script.FindFailed" message="C:/Images For Sikuli/ApplyUpdates.png: (233x82) in R[0,0 1920x1080]@S(0)">
      <![CDATA[FindFailed: C:/Images For Sikuli/ApplyUpdates.png: (233x82) in R[0,0 1920x1080]@S(0)
  Line 2226, in file Region.java

at org.sikuli.script.Region.wait(Region.java:2226)
at com.testcases.framework.RegressionTestCase.appLogin(RegressionTestCase.java:285)
at sun.reflect.NativeMethodAccessorImpl.invoke0(Native Method)
at sun.reflect.NativeMethodAccessorImpl.invoke(Unknown Source)
at sun.reflect.DelegatingMethodAccessorImpl.invoke(Unknown Source)
at java.lang.reflect.Method.invoke(Unknown Source)
at org.testng.internal.MethodInvocationHelper.invokeMethod(MethodInvocationHelper.java:124)
at org.testng.internal.MethodInvocationHelper.invokeMethodConsideringTimeout(MethodInvocationHelper.java:59)
at org.testng.internal.Invoker.invokeConfigurationMethod(Invoker.java:458)
at org.testng.internal.Invoker.invokeConfigurations(Invoker.java:222)
at org.testng.internal.Invoker.invokeConfigurations(Invoker.java:142)
at org.testng.SuiteRunner.privateRun(SuiteRunner.java:401)
at org.testng.SuiteRunner.run(SuiteRunner.java:364)
at org.testng.SuiteRunnerWorker.runSuite(SuiteRunnerWorker.java:52)
at org.testng.SuiteRunnerWorker.run(SuiteRunnerWorker.java:84)
at org.testng.TestNG.runSuitesSequentially(TestNG.java:1208)
at org.testng.TestNG.runSuitesLocally(TestNG.java:1137)
at org.testng.TestNG.runSuites(TestNG.java:1049)
at org.testng.TestNG.run(TestNG.java:1017)
at org.testng.remote.AbstractRemoteTestNG.run(AbstractRemoteTestNG.java:114)
at org.testng.remote.RemoteTestNG.initAndRun(RemoteTestNG.java:251)
at org.testng.remote.RemoteTestNG.main(RemoteTestNG.java:77)
]]>
    </error>
  </testcase> <!-- appLogin -->
  <testcase name="sikuliTestCase001" time="0.000" classname="com.testcases.framework.RegressionTestCase">
    <skipped/>
  </testcase> <!-- sikuliTestCase001 -->
  <testcase name="siKuliTestCase002" time="0.000" classname="com.testcases.framework.RegressionTestCase">
    <skipped/>
  </testcase> <!-- siKuliTestCase002 -->
  <testcase name="siKuliTestCase003" time="0.000" classname="com.testcases.framework.RegressionTestCase">
    <skipped/>
  </testcase> <!-- siKuliTestCase003 -->
  <testcase name="siKuliTestCase004" time="0.000" classname="com.testcases.framework.RegressionTestCase">
    <skipped/>
  </testcase> <!-- siKuliTestCase004 -->
  <testcase name="siKuliTestCase005" time="0.000" classname="com.testcases.framework.RegressionTestCase">
    <skipped/>
  </testcase> <!-- siKuliTestCase005 -->
  <testcase name="siKuliTestCase006" time="0.000" classname="com.testcases.framework.RegressionTestCase">
    <skipped/>
  </testcase> <!-- siKuliTestCase006 -->
  <testcase name="siKuliTestCase007" time="0.000" classname="com.testcases.framework.RegressionTestCase">
    <skipped/>
  </testcase> <!-- siKuliTestCase007 -->
  <testcase name="siKuliTestCase008" time="0.000" classname="com.testcases.framework.RegressionTestCase">
    <skipped/>
  </testcase> <!-- siKuliTestCase008 -->
  <testcase name="siKuliTestCase09" time="0.000" classname="com.testcases.framework.RegressionTestCase">
    <skipped/>
  </testcase> <!-- siKuliTestCase09 -->
  <testcase name="siKuliTestCase010" time="0.000" classname="com.testcases.framework.RegressionTestCase">
    <skipped/>
  </testcase> <!-- siKuliTestCase010 -->
  <testcase name="siKuliTestCase011" time="0.000" classname="com.testcases.framework.RegressionTestCase">
    <skipped/>
  </testcase> <!-- siKuliTestCase011 -->
  <testcase name="siKuliTestCase012" time="0.000" classname="com.testcases.framework.RegressionTestCase">
    <skipped/>
  </testcase> <!-- siKuliTestCase012 -->
  <testcase name="siKuliTestCase013" time="0.000" classname="com.testcases.framework.RegressionTestCase">
    <skipped/>
  </testcase> <!-- siKuliTestCase013 -->
  <testcase name="siKuliTestCase014" time="0.000" classname="com.testcases.framework.RegressionTestCase">
    <skipped/>
  </testcase> <!-- siKuliTestCase014 -->
  <testcase name="siKuliTestCase015" time="0.000" classname="com.testcases.framework.RegressionTestCase">
    <skipped/>
  </testcase> <!-- siKuliTestCase015 -->
  <testcase name="siKuliTestCase016" time="0.000" classname="com.testcases.framework.RegressionTestCase">
    <skipped/>
  </testcase> <!-- siKuliTestCase016 -->
  <testcase name="siKuliTestCase017" time="0.000" classname="com.testcases.framework.RegressionTestCase">
    <skipped/>
  </testcase> <!-- siKuliTestCase017 -->
  <testcase name="siKuliTestCase018" time="0.000" classname="com.testcases.framework.RegressionTestCase">
    <skipped/>
  </testcase> <!-- siKuliTestCase018 -->
  <testcase name="siKuliTestCase019" time="0.000" classname="com.testcases.framework.RegressionTestCase">
    <skipped/>
  </testcase> <!-- siKuliTestCase019 -->
  <testcase name="siKuliTestCase020" time="0.000" classname="com.testcases.framework.RegressionTestCase">
    <skipped/>
  </testcase> <!-- siKuliTestCase020 -->
  <testcase name="siKuliTestCase021" time="0.000" classname="com.testcases.framework.RegressionTestCase">
    <skipped/>
  </testcase> <!-- siKuliTestCase021 -->
  <testcase name="siKuliTestCase022" time="0.000" classname="com.testcases.framework.RegressionTestCase">
    <skipped/>
  </testcase> <!-- siKuliTestCase022 -->
  <testcase name="siKuliTestCase023" time="0.000" classname="com.testcases.framework.RegressionTestCase">
    <skipped/>
  </testcase> <!-- siKuliTestCase023 -->
  <testcase name="siKuliTestCase024" time="0.000" classname="com.testcases.framework.RegressionTestCase">
    <skipped/>
  </testcase> <!-- siKuliTestCase024 -->
</testsuite> <!-- com.testcases.framework.RegressionTestCase -->
