<?xml version="1.0" encoding="UTF-8"?>
<!-- Generated by org.testng.reporters.JUnitReportReporter -->
<testsuite skipped="1" hostname="LTIN186256" name="com.testcases.framework.TestCase_TH_001" tests="1" failures="0" timestamp="16 Feb 2023 13:55:18 GMT" time="0.000" errors="0">
  <testcase name="rpinCreateAnEmployee" time="0.000" classname="com.testcases.framework.TestCase_TH_001">
    <skipped/>
  </testcase> <!-- rpinCreateAnEmployee -->
</testsuite> <!-- com.testcases.framework.TestCase_TH_001 -->
