<?xml version="1.0" encoding="UTF-8"?>
<!-- Generated by org.testng.reporters.JUnitReportReporter -->
<testsuite hostname="LTIN419544" failures="0" tests="1" name="com.testcases.framework.BomgarAccess" time="0.004" errors="0" timestamp="2022-11-21T08:00:32 IST" skipped="0">
  <testcase classname="com.testcases.framework.BomgarAccess" name="f" time="0.004"/>
  <system-out/>
</testsuite> <!-- com.testcases.framework.BomgarAccess -->
