<?xml version="1.0" encoding="UTF-8"?>
<!-- Generated by org.testng.reporters.JUnitReportReporter -->
<testsuite skipped="0" hostname="LTIN186256" name="com.testcases.framework.baseTestCase.RegressionTest28feb" tests="29" failures="0" timestamp="20 Apr 2023 10:15:44 GMT" time="378.441" errors="0">
  <testcase name="sikuliTestCase001" time="9.763" classname="com.testcases.framework.baseTestCase.RegressionTest28feb"/>
  <testcase name="siKuliTestCase002" time="8.408" classname="com.testcases.framework.baseTestCase.RegressionTest28feb"/>
  <testcase name="siKuliTestCase003" time="7.427" classname="com.testcases.framework.baseTestCase.RegressionTest28feb"/>
  <testcase name="siKuliTestCase04" time="10.690" classname="com.testcases.framework.baseTestCase.RegressionTest28feb"/>
  <testcase name="siKuliTestCase05" time="26.741" classname="com.testcases.framework.baseTestCase.RegressionTest28feb"/>
  <testcase name="sikuliTestCase06" time="10.633" classname="com.testcases.framework.baseTestCase.RegressionTest28feb"/>
  <testcase name="sikuliTestCase07" time="9.347" classname="com.testcases.framework.baseTestCase.RegressionTest28feb"/>
  <testcase name="sikuliTestCase08" time="10.611" classname="com.testcases.framework.baseTestCase.RegressionTest28feb"/>
  <testcase name="sikuliTestCase09" time="9.958" classname="com.testcases.framework.baseTestCase.RegressionTest28feb"/>
  <testcase name="sikuliTestCase010" time="11.294" classname="com.testcases.framework.baseTestCase.RegressionTest28feb"/>
  <testcase name="sikuliTestCase011" time="12.684" classname="com.testcases.framework.baseTestCase.RegressionTest28feb"/>
  <testcase name="sikuliTestCase012" time="9.639" classname="com.testcases.framework.baseTestCase.RegressionTest28feb"/>
  <testcase name="sikuliTestCase013" time="9.571" classname="com.testcases.framework.baseTestCase.RegressionTest28feb"/>
  <testcase name="siKuliTestCase014" time="10.712" classname="com.testcases.framework.baseTestCase.RegressionTest28feb"/>
  <testcase name="siKuliTestCase015" time="10.229" classname="com.testcases.framework.baseTestCase.RegressionTest28feb"/>
  <testcase name="siKuliTestCase016" time="12.041" classname="com.testcases.framework.baseTestCase.RegressionTest28feb"/>
  <testcase name="siKuliTestCase017" time="11.322" classname="com.testcases.framework.baseTestCase.RegressionTest28feb"/>
  <testcase name="siKuliTestCase018" time="16.188" classname="com.testcases.framework.baseTestCase.RegressionTest28feb"/>
  <testcase name="siKuliTestCase019" time="10.442" classname="com.testcases.framework.baseTestCase.RegressionTest28feb"/>
  <testcase name="siKuliTestCase020" time="11.729" classname="com.testcases.framework.baseTestCase.RegressionTest28feb"/>
  <testcase name="siKuliTestCase021" time="11.416" classname="com.testcases.framework.baseTestCase.RegressionTest28feb"/>
  <testcase name="siKuliTestCase022" time="15.865" classname="com.testcases.framework.baseTestCase.RegressionTest28feb"/>
  <testcase name="siKuliTestCase023" time="18.913" classname="com.testcases.framework.baseTestCase.RegressionTest28feb"/>
  <testcase name="siKuliTestCase024" time="50.381" classname="com.testcases.framework.baseTestCase.RegressionTest28feb"/>
  <testcase name="siKuliTestCase025" time="10.340" classname="com.testcases.framework.baseTestCase.RegressionTest28feb"/>
  <testcase name="siKuliTestCase026" time="10.338" classname="com.testcases.framework.baseTestCase.RegressionTest28feb"/>
  <testcase name="siKuliTestCase027" time="11.144" classname="com.testcases.framework.baseTestCase.RegressionTest28feb"/>
  <testcase name="siKuliTestCase028" time="11.167" classname="com.testcases.framework.baseTestCase.RegressionTest28feb"/>
  <testcase name="siKuliTestCase029" time="9.448" classname="com.testcases.framework.baseTestCase.RegressionTest28feb"/>
</testsuite> <!-- com.testcases.framework.baseTestCase.RegressionTest28feb -->
