<?xml version="1.0" encoding="UTF-8"?>
<!-- Generated by org.testng.reporters.JUnitReportReporter -->
<testsuite skipped="0" hostname="LTIN186256" name="com.testcases.framework.RegressionTest14feb" tests="29" failures="0" timestamp="16 Mar 2023 08:05:22 GMT" time="452.322" errors="0">
  <testcase name="siKuliTestCase002" time="21.366" classname="com.testcases.framework.RegressionTest14feb"/>
  <testcase name="siKuliTestCase003" time="22.747" classname="com.testcases.framework.RegressionTest14feb"/>
  <testcase name="siKuliTestCase004" time="12.395" classname="com.testcases.framework.RegressionTest14feb"/>
  <testcase name="siKuliTestCase005" time="13.454" classname="com.testcases.framework.RegressionTest14feb"/>
  <testcase name="siKuliTestCase006" time="12.991" classname="com.testcases.framework.RegressionTest14feb"/>
  <testcase name="siKuliTestCase007" time="16.426" classname="com.testcases.framework.RegressionTest14feb"/>
  <testcase name="siKuliTestCase008" time="14.284" classname="com.testcases.framework.RegressionTest14feb"/>
  <testcase name="siKuliTestCase009" time="13.026" classname="com.testcases.framework.RegressionTest14feb"/>
  <testcase name="siKuliTestCase010" time="14.476" classname="com.testcases.framework.RegressionTest14feb"/>
  <testcase name="siKuliTestCase011" time="14.285" classname="com.testcases.framework.RegressionTest14feb"/>
  <testcase name="siKuliTestCase012" time="15.284" classname="com.testcases.framework.RegressionTest14feb"/>
  <testcase name="siKuliTestCase013" time="14.175" classname="com.testcases.framework.RegressionTest14feb"/>
  <testcase name="siKuliTestCase014" time="14.370" classname="com.testcases.framework.RegressionTest14feb"/>
  <testcase name="siKuliTestCase015" time="16.741" classname="com.testcases.framework.RegressionTest14feb"/>
  <testcase name="sikuliTestCase016" time="15.317" classname="com.testcases.framework.RegressionTest14feb"/>
  <testcase name="sikuliTestCase017" time="13.113" classname="com.testcases.framework.RegressionTest14feb"/>
  <testcase name="sikuliTestCase018" time="15.062" classname="com.testcases.framework.RegressionTest14feb"/>
  <testcase name="sikuliTestCase019" time="15.555" classname="com.testcases.framework.RegressionTest14feb"/>
  <testcase name="sikuliTestCase020" time="13.891" classname="com.testcases.framework.RegressionTest14feb"/>
  <testcase name="sikuliTestCase021" time="14.975" classname="com.testcases.framework.RegressionTest14feb"/>
  <testcase name="sikuliTestCase022" time="13.911" classname="com.testcases.framework.RegressionTest14feb"/>
  <testcase name="sikuliTestCase023" time="13.605" classname="com.testcases.framework.RegressionTest14feb"/>
  <testcase name="siKuliTestCase024" time="15.417" classname="com.testcases.framework.RegressionTest14feb"/>
  <testcase name="siKuliTestCase025" time="16.078" classname="com.testcases.framework.RegressionTest14feb"/>
  <testcase name="siKuliTestCase026" time="19.978" classname="com.testcases.framework.RegressionTest14feb"/>
  <testcase name="siKuliTestCase027" time="19.826" classname="com.testcases.framework.RegressionTest14feb"/>
  <testcase name="siKuliTestCase028" time="18.318" classname="com.testcases.framework.RegressionTest14feb"/>
  <testcase name="siKuliTestCase029" time="15.108" classname="com.testcases.framework.RegressionTest14feb"/>
  <testcase name="siKuliTestCase030" time="16.148" classname="com.testcases.framework.RegressionTest14feb"/>
</testsuite> <!-- com.testcases.framework.RegressionTest14feb -->
