<?xml version="1.0" encoding="UTF-8"?>
<!-- Generated by org.testng.reporters.JUnitReportReporter -->
<testsuite skipped="0" hostname="LTIN186256" name="com.testcases.framework.Runner" tests="1" failures="0" timestamp="03 May 2023 13:18:11 GMT" time="256.065" errors="0">
  <testcase name="appLogin" time="256.065" classname="com.testcases.framework.Runner"/>
</testsuite> <!-- com.testcases.framework.Runner -->
